<?xml version="1.0" encoding="UTF-8"?>
<!-- Generated by org.testng.reporters.JUnitXMLReporter -->
<testsuite ignored="6" hostname="LAPTOP-1MG1M81S" failures="0" tests="3" name="Test" time="0.035" errors="0" timestamp="2022-11-28T22:47:19 IST">
  <testcase classname="testscripts.MyTest2" name="test22" time="0.001"/>
  <testcase classname="testscripts.MyTest3" name="test32" time="0.0"/>
  <testcase classname="testscripts.MyTest1" name="test12" time="0.0"/>
  <testcase classname="testscripts.MyTest2" name="test23" time="0.0">
    <ignored/>
  </testcase> <!-- test23 -->
  <testcase classname="testscripts.MyTest3" name="test33" time="0.0">
    <ignored/>
  </testcase> <!-- test33 -->
  <testcase classname="testscripts.MyTest1" name="test13" time="0.0">
    <ignored/>
  </testcase> <!-- test13 -->
  <testcase classname="testscripts.MyTest2" name="test21" time="0.0">
    <ignored/>
  </testcase> <!-- test21 -->
  <testcase classname="testscripts.MyTest3" name="test31" time="0.0">
    <ignored/>
  </testcase> <!-- test31 -->
  <testcase classname="testscripts.MyTest1" name="test11" time="0.0">
    <ignored/>
  </testcase> <!-- test11 -->
</testsuite> <!-- Test -->
