<?xml version="1.0" encoding="UTF-8"?>
<testsuite xmlns:xsi="http://www.w3.org/2001/XMLSchema-instance" xsi:schemaLocation="https://maven.apache.org/surefire/maven-surefire-plugin/xsd/surefire-test-report.xsd" name="TestSuite" time="0.586" tests="3" errors="0" skipped="0" failures="0">
  <properties>
[...]
</properties>
  <testcase name="test22" classname="testscripts.MyTest2" time="0"/>
  <testcase name="test32" classname="testscripts.MyTest3" time="0.001"/>
  <testcase name="test12" classname="testscripts.MyTest1" time="0.001"/>
</testsuite>