<?xml version="1.0" encoding="UTF-8"?>
<testng-results ignored="6" total="9" passed="3" failed="0" skipped="0">
  <reporter-output>
  </reporter-output>
  <suite started-at="2022-11-28T22:47:19 IST" name="Suite" finished-at="2022-11-28T22:47:19 IST" duration-ms="35">
    <groups>
      <group name="regression">
        <method signature="MyTest1.test12()[pri:0, instance:testscripts.MyTest1@69453e37]" name="test12" class="testscripts.MyTest1"/>
        <method signature="MyTest2.test22()[pri:0, instance:testscripts.MyTest2@1ff4931d]" name="test22" class="testscripts.MyTest2"/>
        <method signature="MyTest3.test32()[pri:0, instance:testscripts.MyTest3@20d525]" name="test32" class="testscripts.MyTest3"/>
      </group> <!-- regression -->
    </groups>
    <test started-at="2022-11-28T22:47:19 IST" name="Test" finished-at="2022-11-28T22:47:19 IST" duration-ms="35">
      <class name="testscripts.MyTest1">
        <test-method signature="test12()[pri:0, instance:testscripts.MyTest1@69453e37]" started-at="2022-11-28T22:47:19 IST" name="test12" finished-at="2022-11-28T22:47:19 IST" duration-ms="0" status="PASS">
          <reporter-output>
          </reporter-output>
        </test-method> <!-- test12 -->
      </class> <!-- testscripts.MyTest1 -->
      <class name="testscripts.MyTest2">
        <test-method signature="test22()[pri:0, instance:testscripts.MyTest2@1ff4931d]" started-at="2022-11-28T22:47:19 IST" name="test22" finished-at="2022-11-28T22:47:19 IST" duration-ms="1" status="PASS">
          <reporter-output>
          </reporter-output>
        </test-method> <!-- test22 -->
      </class> <!-- testscripts.MyTest2 -->
      <class name="testscripts.MyTest3">
        <test-method signature="test32()[pri:0, instance:testscripts.MyTest3@20d525]" started-at="2022-11-28T22:47:19 IST" name="test32" finished-at="2022-11-28T22:47:19 IST" duration-ms="0" status="PASS">
          <reporter-output>
          </reporter-output>
        </test-method> <!-- test32 -->
      </class> <!-- testscripts.MyTest3 -->
    </test> <!-- Test -->
  </suite> <!-- Suite -->
</testng-results>
